<?xml version="1.0" encoding="UTF-8"?>
<testng-results skipped="0" failed="0" ignored="0" total="1" passed="1">
  <reporter-output>
  </reporter-output>
  <suite name="Default suite" duration-ms="6749" started-at="2019-06-09T12:32:53Z" finished-at="2019-06-09T12:33:00Z">
    <groups>
    </groups>
    <test name="Default test" duration-ms="6749" started-at="2019-06-09T12:32:53Z" finished-at="2019-06-09T12:33:00Z">
      <class name="Sample1.NewWindiws">
        <test-method status="PASS" signature="chromenew()[pri:0, instance:Sample1.NewWindiws@5419f379]" name="chromenew" duration-ms="6717" started-at="2019-06-09T18:02:53Z" finished-at="2019-06-09T18:03:00Z">
          <reporter-output>
          </reporter-output>
        </test-method> <!-- chromenew -->
      </class> <!-- Sample1.NewWindiws -->
    </test> <!-- Default test -->
  </suite> <!-- Default suite -->
</testng-results>
